<?xml version="1.0" encoding="UTF-8"?>
<!-- Generated by org.testng.reporters.JUnitXMLReporter -->
<testsuite ignored="0" hostname="DESKTOP-E8B2JUG" failures="1" tests="1" name="Validate title in page" time="9.351" errors="0" timestamp="2022-01-20T22:26:42 PST">
  <testcase classname="academy.validateTitle" name="basePageNavigation" time="0.078">
    <failure type="java.lang.AssertionError" message="expected [SFEATURED COURSES] but found [FEATURED COURSES]">
      <![CDATA[java.lang.AssertionError: expected [SFEATURED COURSES] but found [FEATURED COURSES]
at academy.validateTitle.basePageNavigation(validateTitle.java:39)
at java.base/java.util.ArrayList.forEach(ArrayList.java:1511)
at java.base/java.util.concurrent.FutureTask.run(FutureTask.java:264)
at java.base/java.util.concurrent.ThreadPoolExecutor.runWorker(ThreadPoolExecutor.java:1130)
at java.base/java.util.concurrent.ThreadPoolExecutor$Worker.run(ThreadPoolExecutor.java:630)
at java.base/java.lang.Thread.run(Thread.java:831)
... Removed 24 stack frames]]>
    </failure>
  </testcase> <!-- basePageNavigation -->
</testsuite> <!-- Validate title in page -->
