<?xml version="1.0" encoding="UTF-8"?>
<testng-results skipped="0" failed="0" ignored="0" total="5" passed="5">
  <reporter-output>
  </reporter-output>
  <suite name="Suite" duration-ms="31770" started-at="2022-01-25T20:52:22 SGT" finished-at="2022-01-25T20:52:53 SGT">
    <groups>
    </groups>
    <test name="Validate title in page" duration-ms="12127" started-at="2022-01-25T20:52:22 SGT" finished-at="2022-01-25T20:52:34 SGT">
      <class name="academy.validateTitle">
        <test-method status="PASS" signature="initiateBrowser()[pri:0, instance:academy.validateTitle@7d322cad]" name="initiateBrowser" is-config="true" duration-ms="11290" started-at="2022-01-25T20:52:22 SGT" finished-at="2022-01-25T20:52:33 SGT">
          <reporter-output>
          </reporter-output>
        </test-method> <!-- initiateBrowser -->
        <test-method status="PASS" signature="validateAppTitle()[pri:0, instance:academy.validateTitle@7d322cad]" name="validateAppTitle" duration-ms="92" started-at="2022-01-25T20:52:33 SGT" finished-at="2022-01-25T20:52:33 SGT">
          <reporter-output>
          </reporter-output>
        </test-method> <!-- validateAppTitle -->
        <test-method status="PASS" signature="validateHeader()[pri:0, instance:academy.validateTitle@7d322cad]" name="validateHeader" duration-ms="67" started-at="2022-01-25T20:52:33 SGT" finished-at="2022-01-25T20:52:33 SGT">
          <reporter-output>
          </reporter-output>
        </test-method> <!-- validateHeader -->
        <test-method status="PASS" signature="endTest()[pri:0, instance:academy.validateTitle@7d322cad]" name="endTest" is-config="true" duration-ms="654" started-at="2022-01-25T20:52:33 SGT" finished-at="2022-01-25T20:52:34 SGT">
          <reporter-output>
          </reporter-output>
        </test-method> <!-- endTest -->
      </class> <!-- academy.validateTitle -->
    </test> <!-- Validate title in page -->
    <test name="Check navigation bar visibility" duration-ms="12050" started-at="2022-01-25T20:52:22 SGT" finished-at="2022-01-25T20:52:34 SGT">
      <class name="academy.validateNavigationBar">
        <test-method status="PASS" signature="initiateBrowser()[pri:0, instance:academy.validateNavigationBar@2254127a]" name="initiateBrowser" is-config="true" duration-ms="11290" started-at="2022-01-25T20:52:22 SGT" finished-at="2022-01-25T20:52:33 SGT">
          <reporter-output>
          </reporter-output>
        </test-method> <!-- initiateBrowser -->
        <test-method status="PASS" signature="basePageNavigation()[pri:0, instance:academy.validateNavigationBar@2254127a]" name="basePageNavigation" duration-ms="124" started-at="2022-01-25T20:52:33 SGT" finished-at="2022-01-25T20:52:33 SGT">
          <reporter-output>
          </reporter-output>
        </test-method> <!-- basePageNavigation -->
        <test-method status="PASS" signature="endTest()[pri:0, instance:academy.validateNavigationBar@2254127a]" name="endTest" is-config="true" duration-ms="622" started-at="2022-01-25T20:52:33 SGT" finished-at="2022-01-25T20:52:34 SGT">
          <reporter-output>
          </reporter-output>
        </test-method> <!-- endTest -->
      </class> <!-- academy.validateNavigationBar -->
    </test> <!-- Check navigation bar visibility -->
    <test name="Validate usernames" duration-ms="31770" started-at="2022-01-25T20:52:22 SGT" finished-at="2022-01-25T20:52:53 SGT">
      <class name="academy.homepage">
        <test-method status="PASS" signature="initiateBrowser()[pri:0, instance:academy.homepage@2235eaab]" name="initiateBrowser" is-config="true" duration-ms="3896" started-at="2022-01-25T20:52:22 SGT" finished-at="2022-01-25T20:52:26 SGT">
          <reporter-output>
          </reporter-output>
        </test-method> <!-- initiateBrowser -->
        <test-method status="PASS" signature="basePageNavigation(java.lang.String,java.lang.String,java.lang.String)[pri:0, instance:academy.homepage@2235eaab]" name="basePageNavigation" duration-ms="15658" started-at="2022-01-25T20:52:26 SGT" data-provider="getData" finished-at="2022-01-25T20:52:41 SGT">
          <params>
            <param index="0">
              <value>
                <![CDATA[nonrestricteduser@gw.com]]>
              </value>
            </param>
            <param index="1">
              <value>
                <![CDATA[123456]]>
              </value>
            </param>
            <param index="2">
              <value>
                <![CDATA[Unrestricted]]>
              </value>
            </param>
          </params>
          <reporter-output>
          </reporter-output>
        </test-method> <!-- basePageNavigation -->
        <test-method status="PASS" signature="basePageNavigation(java.lang.String,java.lang.String,java.lang.String)[pri:0, instance:academy.homepage@2235eaab]" name="basePageNavigation" duration-ms="12069" started-at="2022-01-25T20:52:41 SGT" data-provider="getData" finished-at="2022-01-25T20:52:53 SGT">
          <params>
            <param index="0">
              <value>
                <![CDATA[restricteduser@gw.com]]>
              </value>
            </param>
            <param index="1">
              <value>
                <![CDATA[123456]]>
              </value>
            </param>
            <param index="2">
              <value>
                <![CDATA[Restricted]]>
              </value>
            </param>
          </params>
          <reporter-output>
          </reporter-output>
        </test-method> <!-- basePageNavigation -->
        <test-method status="PASS" signature="endTest()[pri:0, instance:academy.homepage@2235eaab]" name="endTest" is-config="true" duration-ms="89" started-at="2022-01-25T20:52:53 SGT" finished-at="2022-01-25T20:52:53 SGT">
          <reporter-output>
          </reporter-output>
        </test-method> <!-- endTest -->
      </class> <!-- academy.homepage -->
    </test> <!-- Validate usernames -->
  </suite> <!-- Suite -->
</testng-results>
