<?xml version="1.0" encoding="UTF-8"?>
<testng-results ignored="0" total="2" passed="2" failed="0" skipped="0">
  <reporter-output>
  </reporter-output>
  <suite started-at="2022-03-14T21:30:36 PST" name="Suite" finished-at="2022-03-14T21:31:40 PST" duration-ms="63917">
    <groups>
      <group name="cucumber">
        <method signature="AbstractTestNGCucumberTests.runScenario(io.cucumber.testng.PickleWrapper,io.cucumber.testng.FeatureWrapper)[pri:0, instance:cucumberOptions.TestRunner@5ba88be8]" name="runScenario" class="io.cucumber.testng.AbstractTestNGCucumberTests"/>
      </group> <!-- cucumber -->
    </groups>
    <test started-at="2022-03-14T21:30:36 PST" name="Validate user login" finished-at="2022-03-14T21:31:40 PST" duration-ms="63917">
      <class name="cucumberOptions.TestRunner">
        <test-method is-config="true" signature="setUpClass(org.testng.ITestContext)[pri:0, instance:cucumberOptions.TestRunner@5ba88be8]" started-at="2022-03-14T21:30:36 PST" name="setUpClass" finished-at="2022-03-14T21:30:37 PST" duration-ms="420" status="PASS">
          <params>
            <param index="0">
              <value>
                <![CDATA[org.testng.TestRunner@24111ef1]]>
              </value>
            </param>
          </params>
          <reporter-output>
          </reporter-output>
        </test-method> <!-- setUpClass -->
        <test-method signature="runScenario(io.cucumber.testng.PickleWrapper,io.cucumber.testng.FeatureWrapper)[pri:0, instance:cucumberOptions.TestRunner@5ba88be8]" started-at="2022-03-14T21:30:37 PST" name="runScenario" description="Runs Cucumber Scenarios" data-provider="scenarios" finished-at="2022-03-14T21:31:12 PST" duration-ms="35447" status="PASS">
          <params>
            <param index="0">
              <value>
                <![CDATA["Positive test validating login"]]>
              </value>
            </param>
            <param index="1">
              <value>
                <![CDATA["Optional[Application Login]"]]>
              </value>
            </param>
          </params>
          <reporter-output>
          </reporter-output>
        </test-method> <!-- runScenario -->
        <test-method signature="runScenario(io.cucumber.testng.PickleWrapper,io.cucumber.testng.FeatureWrapper)[pri:0, instance:cucumberOptions.TestRunner@5ba88be8]" started-at="2022-03-14T21:31:12 PST" name="runScenario" description="Runs Cucumber Scenarios" data-provider="scenarios" finished-at="2022-03-14T21:31:40 PST" duration-ms="27914" status="PASS">
          <params>
            <param index="0">
              <value>
                <![CDATA["Positive test validating login"]]>
              </value>
            </param>
            <param index="1">
              <value>
                <![CDATA["Optional[Application Login]"]]>
              </value>
            </param>
          </params>
          <reporter-output>
          </reporter-output>
        </test-method> <!-- runScenario -->
        <test-method is-config="true" signature="tearDownClass()[pri:0, instance:cucumberOptions.TestRunner@5ba88be8]" started-at="2022-03-14T21:31:40 PST" name="tearDownClass" finished-at="2022-03-14T21:31:40 PST" duration-ms="30" status="PASS">
          <reporter-output>
          </reporter-output>
        </test-method> <!-- tearDownClass -->
      </class> <!-- cucumberOptions.TestRunner -->
    </test> <!-- Validate user login -->
  </suite> <!-- Suite -->
</testng-results>
